DEBUG - 2025-05-12 16:45:50 --> Session: Class initialized using 'CodeIgniter\Session\Handlers\FileHandler' driver.
DEBUG - 2025-05-12 16:46:03 --> Session: Class initialized using 'CodeIgniter\Session\Handlers\FileHandler' driver.
CRITICAL - 2025-05-12 17:18:25 --> CodeIgniter\View\Exceptions\ViewException: Invalid file: "tareas/cargar_tarea.php"
[Method: GET, Route: formCrearTarea]
in SYSTEMPATH\Exceptions\FrameworkException.php on line 39.
 1 SYSTEMPATH\View\View.php(212): CodeIgniter\Exceptions\FrameworkException::forInvalidFile('tareas/cargar_tarea.php')
 2 SYSTEMPATH\Common.php(1173): CodeIgniter\View\View->render('tareas/cargar_tarea', [], true)
 3 APPPATH\Controllers\Tareas.php(32): view('tareas/cargar_tarea', [...])
 4 SYSTEMPATH\CodeIgniter.php(933): App\Controllers\Tareas->cargar()
 5 SYSTEMPATH\CodeIgniter.php(507): CodeIgniter\CodeIgniter->runController(Object(App\Controllers\Tareas))
 6 SYSTEMPATH\CodeIgniter.php(354): CodeIgniter\CodeIgniter->handleRequest(null, Object(Config\Cache), false)
 7 SYSTEMPATH\Boot.php(334): CodeIgniter\CodeIgniter->run()
 8 SYSTEMPATH\Boot.php(67): CodeIgniter\Boot::runCodeIgniter(Object(CodeIgniter\CodeIgniter))
 9 FCPATH\index.php(56): CodeIgniter\Boot::bootWeb(Object(Config\Paths))
CRITICAL - 2025-05-12 17:18:29 --> CodeIgniter\View\Exceptions\ViewException: Invalid file: "tareas/cargar_tarea.php"
[Method: GET, Route: formCrearTarea]
in SYSTEMPATH\Exceptions\FrameworkException.php on line 39.
 1 SYSTEMPATH\View\View.php(212): CodeIgniter\Exceptions\FrameworkException::forInvalidFile('tareas/cargar_tarea.php')
 2 SYSTEMPATH\Common.php(1173): CodeIgniter\View\View->render('tareas/cargar_tarea', [], true)
 3 APPPATH\Controllers\Tareas.php(32): view('tareas/cargar_tarea', [...])
 4 SYSTEMPATH\CodeIgniter.php(933): App\Controllers\Tareas->cargar()
 5 SYSTEMPATH\CodeIgniter.php(507): CodeIgniter\CodeIgniter->runController(Object(App\Controllers\Tareas))
 6 SYSTEMPATH\CodeIgniter.php(354): CodeIgniter\CodeIgniter->handleRequest(null, Object(Config\Cache), false)
 7 SYSTEMPATH\Boot.php(334): CodeIgniter\CodeIgniter->run()
 8 SYSTEMPATH\Boot.php(67): CodeIgniter\Boot::runCodeIgniter(Object(CodeIgniter\CodeIgniter))
 9 FCPATH\index.php(56): CodeIgniter\Boot::bootWeb(Object(Config\Paths))
CRITICAL - 2025-05-12 17:19:57 --> CodeIgniter\Database\Exceptions\DataException: Allowed fields must be specified for model: "App\Models\Tarea"
[Method: POST, Route: guardarTarea]
in SYSTEMPATH\Model.php on line 822.
 1 SYSTEMPATH\Model.php(822): CodeIgniter\Database\Exceptions\DataException::forInvalidAllowedFields('App\\Models\\Tarea')
 2 SYSTEMPATH\BaseModel.php(820): CodeIgniter\Model->doProtectFieldsForInsert([...])
 3 SYSTEMPATH\Model.php(800): CodeIgniter\BaseModel->insert([...], true)
 4 APPPATH\Controllers\Tareas.php(62): CodeIgniter\Model->insert([...])
 5 SYSTEMPATH\CodeIgniter.php(933): App\Controllers\Tareas->guardarTarea()
 6 SYSTEMPATH\CodeIgniter.php(507): CodeIgniter\CodeIgniter->runController(Object(App\Controllers\Tareas))
 7 SYSTEMPATH\CodeIgniter.php(354): CodeIgniter\CodeIgniter->handleRequest(null, Object(Config\Cache), false)
 8 SYSTEMPATH\Boot.php(334): CodeIgniter\CodeIgniter->run()
 9 SYSTEMPATH\Boot.php(67): CodeIgniter\Boot::runCodeIgniter(Object(CodeIgniter\CodeIgniter))
10 FCPATH\index.php(56): CodeIgniter\Boot::bootWeb(Object(Config\Paths))
DEBUG - 2025-05-12 17:30:11 --> Session: Class initialized using 'CodeIgniter\Session\Handlers\FileHandler' driver.
CRITICAL - 2025-05-12 17:30:11 --> ErrorException: Undefined array key "t_titulo"
[Method: GET, Route: mostrar_tareas]
in APPPATH\Views\tareas\mostrar_tareas.php on line 30.
 1 APPPATH\Views\tareas\mostrar_tareas.php(30): CodeIgniter\Debug\Exceptions->errorHandler(2, 'Undefined array key "t_titulo"', 'C:\\xampp\\htdocs\\activity_now\\app\\Views\\tareas\\mostrar_tareas.php', 30)
 2 SYSTEMPATH\View\View.php(224): include('C:\\xampp\\htdocs\\activity_now\\app\\Views\\tareas\\mostrar_tareas.php')
 3 SYSTEMPATH\View\View.php(227): CodeIgniter\View\View->CodeIgniter\View\{closure}()
 4 SYSTEMPATH\Common.php(1173): CodeIgniter\View\View->render('tareas/mostrar_tareas', [], true)
 5 APPPATH\Controllers\Tareas.php(23): view('tareas/mostrar_tareas', [...])
 6 SYSTEMPATH\CodeIgniter.php(933): App\Controllers\Tareas->index()
 7 SYSTEMPATH\CodeIgniter.php(507): CodeIgniter\CodeIgniter->runController(Object(App\Controllers\Tareas))
 8 SYSTEMPATH\CodeIgniter.php(354): CodeIgniter\CodeIgniter->handleRequest(null, Object(Config\Cache), false)
 9 SYSTEMPATH\Boot.php(334): CodeIgniter\CodeIgniter->run()
10 SYSTEMPATH\Boot.php(67): CodeIgniter\Boot::runCodeIgniter(Object(CodeIgniter\CodeIgniter))
11 FCPATH\index.php(56): CodeIgniter\Boot::bootWeb(Object(Config\Paths))
DEBUG - 2025-05-12 17:30:57 --> Session: Class initialized using 'CodeIgniter\Session\Handlers\FileHandler' driver.
CRITICAL - 2025-05-12 17:30:58 --> ErrorException: Undefined array key "t_titulo"
[Method: GET, Route: mostrar_tareas]
in APPPATH\Views\tareas\mostrar_tareas.php on line 30.
 1 APPPATH\Views\tareas\mostrar_tareas.php(30): CodeIgniter\Debug\Exceptions->errorHandler(2, 'Undefined array key "t_titulo"', 'C:\\xampp\\htdocs\\activity_now\\app\\Views\\tareas\\mostrar_tareas.php', 30)
 2 SYSTEMPATH\View\View.php(224): include('C:\\xampp\\htdocs\\activity_now\\app\\Views\\tareas\\mostrar_tareas.php')
 3 SYSTEMPATH\View\View.php(227): CodeIgniter\View\View->CodeIgniter\View\{closure}()
 4 SYSTEMPATH\Common.php(1173): CodeIgniter\View\View->render('tareas/mostrar_tareas', [], true)
 5 APPPATH\Controllers\Tareas.php(23): view('tareas/mostrar_tareas', [...])
 6 SYSTEMPATH\CodeIgniter.php(933): App\Controllers\Tareas->index()
 7 SYSTEMPATH\CodeIgniter.php(507): CodeIgniter\CodeIgniter->runController(Object(App\Controllers\Tareas))
 8 SYSTEMPATH\CodeIgniter.php(354): CodeIgniter\CodeIgniter->handleRequest(null, Object(Config\Cache), false)
 9 SYSTEMPATH\Boot.php(334): CodeIgniter\CodeIgniter->run()
10 SYSTEMPATH\Boot.php(67): CodeIgniter\Boot::runCodeIgniter(Object(CodeIgniter\CodeIgniter))
11 FCPATH\index.php(56): CodeIgniter\Boot::bootWeb(Object(Config\Paths))
DEBUG - 2025-05-12 17:31:21 --> Session: Class initialized using 'CodeIgniter\Session\Handlers\FileHandler' driver.
CRITICAL - 2025-05-12 17:31:21 --> ErrorException: Undefined array key "t_fechaAlta"
[Method: GET, Route: mostrar_tareas]
in APPPATH\Views\tareas\mostrar_tareas.php on line 37.
 1 APPPATH\Views\tareas\mostrar_tareas.php(37): CodeIgniter\Debug\Exceptions->errorHandler(2, 'Undefined array key "t_fechaAlta"', 'C:\\xampp\\htdocs\\activity_now\\app\\Views\\tareas\\mostrar_tareas.php', 37)
 2 SYSTEMPATH\View\View.php(224): include('C:\\xampp\\htdocs\\activity_now\\app\\Views\\tareas\\mostrar_tareas.php')
 3 SYSTEMPATH\View\View.php(227): CodeIgniter\View\View->CodeIgniter\View\{closure}()
 4 SYSTEMPATH\Common.php(1173): CodeIgniter\View\View->render('tareas/mostrar_tareas', [], true)
 5 APPPATH\Controllers\Tareas.php(23): view('tareas/mostrar_tareas', [...])
 6 SYSTEMPATH\CodeIgniter.php(933): App\Controllers\Tareas->index()
 7 SYSTEMPATH\CodeIgniter.php(507): CodeIgniter\CodeIgniter->runController(Object(App\Controllers\Tareas))
 8 SYSTEMPATH\CodeIgniter.php(354): CodeIgniter\CodeIgniter->handleRequest(null, Object(Config\Cache), false)
 9 SYSTEMPATH\Boot.php(334): CodeIgniter\CodeIgniter->run()
10 SYSTEMPATH\Boot.php(67): CodeIgniter\Boot::runCodeIgniter(Object(CodeIgniter\CodeIgniter))
11 FCPATH\index.php(56): CodeIgniter\Boot::bootWeb(Object(Config\Paths))
DEBUG - 2025-05-12 17:31:48 --> Session: Class initialized using 'CodeIgniter\Session\Handlers\FileHandler' driver.
DEBUG - 2025-05-12 18:48:45 --> Session: Class initialized using 'CodeIgniter\Session\Handlers\FileHandler' driver.
DEBUG - 2025-05-12 18:48:45 --> Session: Class initialized using 'CodeIgniter\Session\Handlers\FileHandler' driver.
DEBUG - 2025-05-12 18:48:56 --> Session: Class initialized using 'CodeIgniter\Session\Handlers\FileHandler' driver.
DEBUG - 2025-05-12 18:49:06 --> Session: Class initialized using 'CodeIgniter\Session\Handlers\FileHandler' driver.
DEBUG - 2025-05-12 18:51:18 --> Session: Class initialized using 'CodeIgniter\Session\Handlers\FileHandler' driver.
DEBUG - 2025-05-12 18:51:20 --> Session: Class initialized using 'CodeIgniter\Session\Handlers\FileHandler' driver.
DEBUG - 2025-05-12 18:51:45 --> Session: Class initialized using 'CodeIgniter\Session\Handlers\FileHandler' driver.
DEBUG - 2025-05-12 18:51:45 --> Session: Class initialized using 'CodeIgniter\Session\Handlers\FileHandler' driver.
DEBUG - 2025-05-12 18:51:58 --> Session: Class initialized using 'CodeIgniter\Session\Handlers\FileHandler' driver.
DEBUG - 2025-05-12 19:21:04 --> Session: Class initialized using 'CodeIgniter\Session\Handlers\FileHandler' driver.
ERROR - 2025-05-12 19:21:04 --> mysqli_sql_exception: Unknown column 't_responsable' in 'field list' in C:\xampp\htdocs\activity_now\system\Database\MySQLi\Connection.php:327
Stack trace:
#0 C:\xampp\htdocs\activity_now\system\Database\MySQLi\Connection.php(327): mysqli->query('INSERT INTO `ta...', 0)
#1 C:\xampp\htdocs\activity_now\system\Database\BaseConnection.php(738): CodeIgniter\Database\MySQLi\Connection->execute('INSERT INTO `ta...')
#2 C:\xampp\htdocs\activity_now\system\Database\BaseConnection.php(652): CodeIgniter\Database\BaseConnection->simpleQuery('INSERT INTO `ta...')
#3 C:\xampp\htdocs\activity_now\system\Database\BaseBuilder.php(2345): CodeIgniter\Database\BaseConnection->query('INSERT INTO `ta...', Array, false)
#4 C:\xampp\htdocs\activity_now\system\Model.php(394): CodeIgniter\Database\BaseBuilder->insert()
#5 C:\xampp\htdocs\activity_now\system\BaseModel.php(839): CodeIgniter\Model->doInsert(Array)
#6 C:\xampp\htdocs\activity_now\system\Model.php(800): CodeIgniter\BaseModel->insert(Array, true)
#7 C:\xampp\htdocs\activity_now\app\Controllers\Tareas.php(101): CodeIgniter\Model->insert(Array)
#8 C:\xampp\htdocs\activity_now\system\CodeIgniter.php(933): App\Controllers\Tareas->guardarTarea()
#9 C:\xampp\htdocs\activity_now\system\CodeIgniter.php(507): CodeIgniter\CodeIgniter->runController(Object(App\Controllers\Tareas))
#10 C:\xampp\htdocs\activity_now\system\CodeIgniter.php(354): CodeIgniter\CodeIgniter->handleRequest(NULL, Object(Config\Cache), false)
#11 C:\xampp\htdocs\activity_now\system\Boot.php(334): CodeIgniter\CodeIgniter->run()
#12 C:\xampp\htdocs\activity_now\system\Boot.php(67): CodeIgniter\Boot::runCodeIgniter(Object(CodeIgniter\CodeIgniter))
#13 C:\xampp\htdocs\activity_now\index.php(56): CodeIgniter\Boot::bootWeb(Object(Config\Paths))
#14 {main}
CRITICAL - 2025-05-12 19:21:04 --> CodeIgniter\Database\Exceptions\DatabaseException: Unknown column 't_responsable' in 'field list'
[Method: POST, Route: guardarTarea]
in SYSTEMPATH\Database\BaseConnection.php on line 692.
 1 SYSTEMPATH\Database\BaseBuilder.php(2345): CodeIgniter\Database\BaseConnection->query('INSERT INTO `tarea` (`t_asunto`, `t_descripcion`, `t_prioridad`, `t_estado`, `t_fechaVenc`, `t_fechaRec`, `t_color`, `t_responsable`) VALUES (:t_asunto:, :t_descripcion:, :t_prioridad:, :t_estado:, :t_fechaVenc:, :t_fechaRec:, :t_color:, :t_responsable:)', [...], false)
 2 SYSTEMPATH\Model.php(394): CodeIgniter\Database\BaseBuilder->insert()
 3 SYSTEMPATH\BaseModel.php(839): CodeIgniter\Model->doInsert([...])
 4 SYSTEMPATH\Model.php(800): CodeIgniter\BaseModel->insert([...], true)
 5 APPPATH\Controllers\Tareas.php(101): CodeIgniter\Model->insert([...])
 6 SYSTEMPATH\CodeIgniter.php(933): App\Controllers\Tareas->guardarTarea()
 7 SYSTEMPATH\CodeIgniter.php(507): CodeIgniter\CodeIgniter->runController(Object(App\Controllers\Tareas))
 8 SYSTEMPATH\CodeIgniter.php(354): CodeIgniter\CodeIgniter->handleRequest(null, Object(Config\Cache), false)
 9 SYSTEMPATH\Boot.php(334): CodeIgniter\CodeIgniter->run()
10 SYSTEMPATH\Boot.php(67): CodeIgniter\Boot::runCodeIgniter(Object(CodeIgniter\CodeIgniter))
11 FCPATH\index.php(56): CodeIgniter\Boot::bootWeb(Object(Config\Paths))
CRITICAL - 2025-05-12 19:21:04 --> [Caused by] CodeIgniter\Database\Exceptions\DatabaseException: Unknown column 't_responsable' in 'field list'
in SYSTEMPATH\Database\MySQLi\Connection.php on line 332.
 1 SYSTEMPATH\Database\BaseConnection.php(738): CodeIgniter\Database\MySQLi\Connection->execute('INSERT INTO `tarea` (`t_asunto`, `t_descripcion`, `t_prioridad`, `t_estado`, `t_fechaVenc`, `t_fechaRec`, `t_color`, `t_responsable`) VALUES (\'Estudiar para el examen\', \'Topicos Aavnzados\', \'Alta\', 1, \'2025-05-17\', \'2025-05-14\', \'#0d20b5\', \'1\')')
 2 SYSTEMPATH\Database\BaseConnection.php(652): CodeIgniter\Database\BaseConnection->simpleQuery('INSERT INTO `tarea` (`t_asunto`, `t_descripcion`, `t_prioridad`, `t_estado`, `t_fechaVenc`, `t_fechaRec`, `t_color`, `t_responsable`) VALUES (\'Estudiar para el examen\', \'Topicos Aavnzados\', \'Alta\', 1, \'2025-05-17\', \'2025-05-14\', \'#0d20b5\', \'1\')')
 3 SYSTEMPATH\Database\BaseBuilder.php(2345): CodeIgniter\Database\BaseConnection->query('INSERT INTO `tarea` (`t_asunto`, `t_descripcion`, `t_prioridad`, `t_estado`, `t_fechaVenc`, `t_fechaRec`, `t_color`, `t_responsable`) VALUES (:t_asunto:, :t_descripcion:, :t_prioridad:, :t_estado:, :t_fechaVenc:, :t_fechaRec:, :t_color:, :t_responsable:)', [...], false)
 4 SYSTEMPATH\Model.php(394): CodeIgniter\Database\BaseBuilder->insert()
 5 SYSTEMPATH\BaseModel.php(839): CodeIgniter\Model->doInsert([...])
 6 SYSTEMPATH\Model.php(800): CodeIgniter\BaseModel->insert([...], true)
 7 APPPATH\Controllers\Tareas.php(101): CodeIgniter\Model->insert([...])
 8 SYSTEMPATH\CodeIgniter.php(933): App\Controllers\Tareas->guardarTarea()
 9 SYSTEMPATH\CodeIgniter.php(507): CodeIgniter\CodeIgniter->runController(Object(App\Controllers\Tareas))
10 SYSTEMPATH\CodeIgniter.php(354): CodeIgniter\CodeIgniter->handleRequest(null, Object(Config\Cache), false)
11 SYSTEMPATH\Boot.php(334): CodeIgniter\CodeIgniter->run()
12 SYSTEMPATH\Boot.php(67): CodeIgniter\Boot::runCodeIgniter(Object(CodeIgniter\CodeIgniter))
13 FCPATH\index.php(56): CodeIgniter\Boot::bootWeb(Object(Config\Paths))
CRITICAL - 2025-05-12 19:21:04 --> [Caused by] mysqli_sql_exception: Unknown column 't_responsable' in 'field list'
in SYSTEMPATH\Database\MySQLi\Connection.php on line 327.
 1 SYSTEMPATH\Database\MySQLi\Connection.php(327): mysqli->query('INSERT INTO `tarea` (`t_asunto`, `t_descripcion`, `t_prioridad`, `t_estado`, `t_fechaVenc`, `t_fechaRec`, `t_color`, `t_responsable`) VALUES (\'Estudiar para el examen\', \'Topicos Aavnzados\', \'Alta\', 1, \'2025-05-17\', \'2025-05-14\', \'#0d20b5\', \'1\')', 0)
 2 SYSTEMPATH\Database\BaseConnection.php(738): CodeIgniter\Database\MySQLi\Connection->execute('INSERT INTO `tarea` (`t_asunto`, `t_descripcion`, `t_prioridad`, `t_estado`, `t_fechaVenc`, `t_fechaRec`, `t_color`, `t_responsable`) VALUES (\'Estudiar para el examen\', \'Topicos Aavnzados\', \'Alta\', 1, \'2025-05-17\', \'2025-05-14\', \'#0d20b5\', \'1\')')
 3 SYSTEMPATH\Database\BaseConnection.php(652): CodeIgniter\Database\BaseConnection->simpleQuery('INSERT INTO `tarea` (`t_asunto`, `t_descripcion`, `t_prioridad`, `t_estado`, `t_fechaVenc`, `t_fechaRec`, `t_color`, `t_responsable`) VALUES (\'Estudiar para el examen\', \'Topicos Aavnzados\', \'Alta\', 1, \'2025-05-17\', \'2025-05-14\', \'#0d20b5\', \'1\')')
 4 SYSTEMPATH\Database\BaseBuilder.php(2345): CodeIgniter\Database\BaseConnection->query('INSERT INTO `tarea` (`t_asunto`, `t_descripcion`, `t_prioridad`, `t_estado`, `t_fechaVenc`, `t_fechaRec`, `t_color`, `t_responsable`) VALUES (:t_asunto:, :t_descripcion:, :t_prioridad:, :t_estado:, :t_fechaVenc:, :t_fechaRec:, :t_color:, :t_responsable:)', [...], false)
 5 SYSTEMPATH\Model.php(394): CodeIgniter\Database\BaseBuilder->insert()
 6 SYSTEMPATH\BaseModel.php(839): CodeIgniter\Model->doInsert([...])
 7 SYSTEMPATH\Model.php(800): CodeIgniter\BaseModel->insert([...], true)
 8 APPPATH\Controllers\Tareas.php(101): CodeIgniter\Model->insert([...])
 9 SYSTEMPATH\CodeIgniter.php(933): App\Controllers\Tareas->guardarTarea()
10 SYSTEMPATH\CodeIgniter.php(507): CodeIgniter\CodeIgniter->runController(Object(App\Controllers\Tareas))
11 SYSTEMPATH\CodeIgniter.php(354): CodeIgniter\CodeIgniter->handleRequest(null, Object(Config\Cache), false)
12 SYSTEMPATH\Boot.php(334): CodeIgniter\CodeIgniter->run()
13 SYSTEMPATH\Boot.php(67): CodeIgniter\Boot::runCodeIgniter(Object(CodeIgniter\CodeIgniter))
14 FCPATH\index.php(56): CodeIgniter\Boot::bootWeb(Object(Config\Paths))
DEBUG - 2025-05-12 19:28:06 --> Session: Class initialized using 'CodeIgniter\Session\Handlers\FileHandler' driver.
DEBUG - 2025-05-12 19:30:46 --> Session: Class initialized using 'CodeIgniter\Session\Handlers\FileHandler' driver.
CRITICAL - 2025-05-12 19:40:21 --> CodeIgniter\Database\Exceptions\DatabaseException: Updates are not allowed unless they contain a "where" or "like" clause.
[Method: POST, Route: actualizar_tarea]
in SYSTEMPATH\Model.php on line 456.
 1 SYSTEMPATH\BaseModel.php(1027): CodeIgniter\Model->doUpdate(null, [...])
 2 SYSTEMPATH\Model.php(863): CodeIgniter\BaseModel->update(null, [...])
 3 APPPATH\Controllers\Tareas.php(144): CodeIgniter\Model->update(null, [...])
 4 SYSTEMPATH\CodeIgniter.php(933): App\Controllers\Tareas->actualizar()
 5 SYSTEMPATH\CodeIgniter.php(507): CodeIgniter\CodeIgniter->runController(Object(App\Controllers\Tareas))
 6 SYSTEMPATH\CodeIgniter.php(354): CodeIgniter\CodeIgniter->handleRequest(null, Object(Config\Cache), false)
 7 SYSTEMPATH\Boot.php(334): CodeIgniter\CodeIgniter->run()
 8 SYSTEMPATH\Boot.php(67): CodeIgniter\Boot::runCodeIgniter(Object(CodeIgniter\CodeIgniter))
 9 FCPATH\index.php(56): CodeIgniter\Boot::bootWeb(Object(Config\Paths))
ERROR - 2025-05-12 19:45:56 --> mysqli_sql_exception: Table 'activity_now.tareas' doesn't exist in C:\xampp\htdocs\activity_now\system\Database\MySQLi\Connection.php:327
Stack trace:
#0 C:\xampp\htdocs\activity_now\system\Database\MySQLi\Connection.php(327): mysqli->query('UPDATE `tareas`...', 0)
#1 C:\xampp\htdocs\activity_now\system\Database\BaseConnection.php(738): CodeIgniter\Database\MySQLi\Connection->execute('UPDATE `tareas`...')
#2 C:\xampp\htdocs\activity_now\system\Database\BaseConnection.php(652): CodeIgniter\Database\BaseConnection->simpleQuery('UPDATE `tareas`...')
#3 C:\xampp\htdocs\activity_now\system\Database\BaseBuilder.php(2521): CodeIgniter\Database\BaseConnection->query('UPDATE `tareas`...', Array, false)
#4 C:\xampp\htdocs\activity_now\app\Models\Tarea.php(32): CodeIgniter\Database\BaseBuilder->update(Array)
#5 C:\xampp\htdocs\activity_now\app\Controllers\Tareas.php(145): App\Models\Tarea->updateTarea(NULL, Array)
#6 C:\xampp\htdocs\activity_now\system\CodeIgniter.php(933): App\Controllers\Tareas->actualizar()
#7 C:\xampp\htdocs\activity_now\system\CodeIgniter.php(507): CodeIgniter\CodeIgniter->runController(Object(App\Controllers\Tareas))
#8 C:\xampp\htdocs\activity_now\system\CodeIgniter.php(354): CodeIgniter\CodeIgniter->handleRequest(NULL, Object(Config\Cache), false)
#9 C:\xampp\htdocs\activity_now\system\Boot.php(334): CodeIgniter\CodeIgniter->run()
#10 C:\xampp\htdocs\activity_now\system\Boot.php(67): CodeIgniter\Boot::runCodeIgniter(Object(CodeIgniter\CodeIgniter))
#11 C:\xampp\htdocs\activity_now\index.php(56): CodeIgniter\Boot::bootWeb(Object(Config\Paths))
#12 {main}
CRITICAL - 2025-05-12 19:45:56 --> CodeIgniter\Database\Exceptions\DatabaseException: Table 'activity_now.tareas' doesn't exist
[Method: POST, Route: actualizar_tarea]
in SYSTEMPATH\Database\BaseConnection.php on line 692.
 1 SYSTEMPATH\Database\BaseBuilder.php(2521): CodeIgniter\Database\BaseConnection->query('UPDATE `tareas` SET `t_asunto` = :t_asunto:, `t_descripcion` = :t_descripcion:, `t_prioridad` = :t_prioridad:, `t_fechaVenc` = :t_fechaVenc:, `t_fechaRec` = :t_fechaRec:, `t_color` = :t_color:
WHERE `t_id` IS NULL', [...], false)
 2 APPPATH\Models\Tarea.php(32): CodeIgniter\Database\BaseBuilder->update([...])
 3 APPPATH\Controllers\Tareas.php(145): App\Models\Tarea->updateTarea(null, [...])
 4 SYSTEMPATH\CodeIgniter.php(933): App\Controllers\Tareas->actualizar()
 5 SYSTEMPATH\CodeIgniter.php(507): CodeIgniter\CodeIgniter->runController(Object(App\Controllers\Tareas))
 6 SYSTEMPATH\CodeIgniter.php(354): CodeIgniter\CodeIgniter->handleRequest(null, Object(Config\Cache), false)
 7 SYSTEMPATH\Boot.php(334): CodeIgniter\CodeIgniter->run()
 8 SYSTEMPATH\Boot.php(67): CodeIgniter\Boot::runCodeIgniter(Object(CodeIgniter\CodeIgniter))
 9 FCPATH\index.php(56): CodeIgniter\Boot::bootWeb(Object(Config\Paths))
CRITICAL - 2025-05-12 19:45:56 --> [Caused by] CodeIgniter\Database\Exceptions\DatabaseException: Table 'activity_now.tareas' doesn't exist
in SYSTEMPATH\Database\MySQLi\Connection.php on line 332.
 1 SYSTEMPATH\Database\BaseConnection.php(738): CodeIgniter\Database\MySQLi\Connection->execute('UPDATE `tareas` SET `t_asunto` = \'Ir a la biblioteca\', `t_descripcion` = \'sin nooo\', `t_prioridad` = \'3\', `t_fechaVenc` = \'2025-05-23\', `t_fechaRec` = \'2025-05-22\', `t_color` = \'#000000\'
WHERE `t_id` IS NULL')
 2 SYSTEMPATH\Database\BaseConnection.php(652): CodeIgniter\Database\BaseConnection->simpleQuery('UPDATE `tareas` SET `t_asunto` = \'Ir a la biblioteca\', `t_descripcion` = \'sin nooo\', `t_prioridad` = \'3\', `t_fechaVenc` = \'2025-05-23\', `t_fechaRec` = \'2025-05-22\', `t_color` = \'#000000\'
WHERE `t_id` IS NULL')
 3 SYSTEMPATH\Database\BaseBuilder.php(2521): CodeIgniter\Database\BaseConnection->query('UPDATE `tareas` SET `t_asunto` = :t_asunto:, `t_descripcion` = :t_descripcion:, `t_prioridad` = :t_prioridad:, `t_fechaVenc` = :t_fechaVenc:, `t_fechaRec` = :t_fechaRec:, `t_color` = :t_color:
WHERE `t_id` IS NULL', [...], false)
 4 APPPATH\Models\Tarea.php(32): CodeIgniter\Database\BaseBuilder->update([...])
 5 APPPATH\Controllers\Tareas.php(145): App\Models\Tarea->updateTarea(null, [...])
 6 SYSTEMPATH\CodeIgniter.php(933): App\Controllers\Tareas->actualizar()
 7 SYSTEMPATH\CodeIgniter.php(507): CodeIgniter\CodeIgniter->runController(Object(App\Controllers\Tareas))
 8 SYSTEMPATH\CodeIgniter.php(354): CodeIgniter\CodeIgniter->handleRequest(null, Object(Config\Cache), false)
 9 SYSTEMPATH\Boot.php(334): CodeIgniter\CodeIgniter->run()
10 SYSTEMPATH\Boot.php(67): CodeIgniter\Boot::runCodeIgniter(Object(CodeIgniter\CodeIgniter))
11 FCPATH\index.php(56): CodeIgniter\Boot::bootWeb(Object(Config\Paths))
CRITICAL - 2025-05-12 19:45:56 --> [Caused by] mysqli_sql_exception: Table 'activity_now.tareas' doesn't exist
in SYSTEMPATH\Database\MySQLi\Connection.php on line 327.
 1 SYSTEMPATH\Database\MySQLi\Connection.php(327): mysqli->query('UPDATE `tareas` SET `t_asunto` = \'Ir a la biblioteca\', `t_descripcion` = \'sin nooo\', `t_prioridad` = \'3\', `t_fechaVenc` = \'2025-05-23\', `t_fechaRec` = \'2025-05-22\', `t_color` = \'#000000\'
WHERE `t_id` IS NULL', 0)
 2 SYSTEMPATH\Database\BaseConnection.php(738): CodeIgniter\Database\MySQLi\Connection->execute('UPDATE `tareas` SET `t_asunto` = \'Ir a la biblioteca\', `t_descripcion` = \'sin nooo\', `t_prioridad` = \'3\', `t_fechaVenc` = \'2025-05-23\', `t_fechaRec` = \'2025-05-22\', `t_color` = \'#000000\'
WHERE `t_id` IS NULL')
 3 SYSTEMPATH\Database\BaseConnection.php(652): CodeIgniter\Database\BaseConnection->simpleQuery('UPDATE `tareas` SET `t_asunto` = \'Ir a la biblioteca\', `t_descripcion` = \'sin nooo\', `t_prioridad` = \'3\', `t_fechaVenc` = \'2025-05-23\', `t_fechaRec` = \'2025-05-22\', `t_color` = \'#000000\'
WHERE `t_id` IS NULL')
 4 SYSTEMPATH\Database\BaseBuilder.php(2521): CodeIgniter\Database\BaseConnection->query('UPDATE `tareas` SET `t_asunto` = :t_asunto:, `t_descripcion` = :t_descripcion:, `t_prioridad` = :t_prioridad:, `t_fechaVenc` = :t_fechaVenc:, `t_fechaRec` = :t_fechaRec:, `t_color` = :t_color:
WHERE `t_id` IS NULL', [...], false)
 5 APPPATH\Models\Tarea.php(32): CodeIgniter\Database\BaseBuilder->update([...])
 6 APPPATH\Controllers\Tareas.php(145): App\Models\Tarea->updateTarea(null, [...])
 7 SYSTEMPATH\CodeIgniter.php(933): App\Controllers\Tareas->actualizar()
 8 SYSTEMPATH\CodeIgniter.php(507): CodeIgniter\CodeIgniter->runController(Object(App\Controllers\Tareas))
 9 SYSTEMPATH\CodeIgniter.php(354): CodeIgniter\CodeIgniter->handleRequest(null, Object(Config\Cache), false)
10 SYSTEMPATH\Boot.php(334): CodeIgniter\CodeIgniter->run()
11 SYSTEMPATH\Boot.php(67): CodeIgniter\Boot::runCodeIgniter(Object(CodeIgniter\CodeIgniter))
12 FCPATH\index.php(56): CodeIgniter\Boot::bootWeb(Object(Config\Paths))
DEBUG - 2025-05-12 22:23:18 --> Session: Class initialized using 'CodeIgniter\Session\Handlers\FileHandler' driver.
DEBUG - 2025-05-12 22:23:18 --> Session: Class initialized using 'CodeIgniter\Session\Handlers\FileHandler' driver.
DEBUG - 2025-05-12 22:37:22 --> Session: Class initialized using 'CodeIgniter\Session\Handlers\FileHandler' driver.
DEBUG - 2025-05-12 22:37:28 --> Session: Class initialized using 'CodeIgniter\Session\Handlers\FileHandler' driver.
DEBUG - 2025-05-12 22:37:57 --> Session: Class initialized using 'CodeIgniter\Session\Handlers\FileHandler' driver.
DEBUG - 2025-05-12 22:37:57 --> Session: Class initialized using 'CodeIgniter\Session\Handlers\FileHandler' driver.
CRITICAL - 2025-05-12 22:54:26 --> CodeIgniter\Exceptions\BadMethodCallException: Call to undefined method App\Models\Tarea::obtenerTareaPorId
[Method: GET, Route: ver_tarea/1]
in SYSTEMPATH\Model.php on line 930.
 1 APPPATH\Controllers\Tareas.php(159): CodeIgniter\Model->__call('obtenerTareaPorId', [...])
 2 SYSTEMPATH\CodeIgniter.php(933): App\Controllers\Tareas->ver_tarea('1')
 3 SYSTEMPATH\CodeIgniter.php(507): CodeIgniter\CodeIgniter->runController(Object(App\Controllers\Tareas))
 4 SYSTEMPATH\CodeIgniter.php(354): CodeIgniter\CodeIgniter->handleRequest(null, Object(Config\Cache), false)
 5 SYSTEMPATH\Boot.php(334): CodeIgniter\CodeIgniter->run()
 6 SYSTEMPATH\Boot.php(67): CodeIgniter\Boot::runCodeIgniter(Object(CodeIgniter\CodeIgniter))
 7 FCPATH\index.php(56): CodeIgniter\Boot::bootWeb(Object(Config\Paths))
CRITICAL - 2025-05-12 22:55:37 --> CodeIgniter\View\Exceptions\ViewException: Invalid file: "template/header.php"
[Method: GET, Route: ver_tarea/1]
in SYSTEMPATH\Exceptions\FrameworkException.php on line 39.
 1 SYSTEMPATH\View\View.php(212): CodeIgniter\Exceptions\FrameworkException::forInvalidFile('template/header.php')
 2 SYSTEMPATH\Common.php(1173): CodeIgniter\View\View->render('template/header', [], true)
 3 APPPATH\Controllers\Tareas.php(166): view('template/header')
 4 SYSTEMPATH\CodeIgniter.php(933): App\Controllers\Tareas->ver_tarea('1')
 5 SYSTEMPATH\CodeIgniter.php(507): CodeIgniter\CodeIgniter->runController(Object(App\Controllers\Tareas))
 6 SYSTEMPATH\CodeIgniter.php(354): CodeIgniter\CodeIgniter->handleRequest(null, Object(Config\Cache), false)
 7 SYSTEMPATH\Boot.php(334): CodeIgniter\CodeIgniter->run()
 8 SYSTEMPATH\Boot.php(67): CodeIgniter\Boot::runCodeIgniter(Object(CodeIgniter\CodeIgniter))
 9 FCPATH\index.php(56): CodeIgniter\Boot::bootWeb(Object(Config\Paths))
CRITICAL - 2025-05-12 22:56:01 --> CodeIgniter\View\Exceptions\ViewException: Invalid file: "ver_tarea.php"
[Method: GET, Route: ver_tarea/1]
in SYSTEMPATH\Exceptions\FrameworkException.php on line 39.
 1 SYSTEMPATH\View\View.php(212): CodeIgniter\Exceptions\FrameworkException::forInvalidFile('ver_tarea.php')
 2 SYSTEMPATH\Common.php(1173): CodeIgniter\View\View->render('ver_tarea', [], true)
 3 APPPATH\Controllers\Tareas.php(169): view('ver_tarea', [...])
 4 SYSTEMPATH\CodeIgniter.php(933): App\Controllers\Tareas->ver_tarea('1')
 5 SYSTEMPATH\CodeIgniter.php(507): CodeIgniter\CodeIgniter->runController(Object(App\Controllers\Tareas))
 6 SYSTEMPATH\CodeIgniter.php(354): CodeIgniter\CodeIgniter->handleRequest(null, Object(Config\Cache), false)
 7 SYSTEMPATH\Boot.php(334): CodeIgniter\CodeIgniter->run()
 8 SYSTEMPATH\Boot.php(67): CodeIgniter\Boot::runCodeIgniter(Object(CodeIgniter\CodeIgniter))
 9 FCPATH\index.php(56): CodeIgniter\Boot::bootWeb(Object(Config\Paths))
CRITICAL - 2025-05-12 22:56:33 --> CodeIgniter\View\Exceptions\ViewException: Invalid file: "http://localhost/activity_now/index.php/ver_tarea.php"
[Method: GET, Route: ver_tarea/1]
in SYSTEMPATH\Exceptions\FrameworkException.php on line 39.
 1 SYSTEMPATH\View\View.php(212): CodeIgniter\Exceptions\FrameworkException::forInvalidFile('http://localhost/activity_now/index.php/ver_tarea.php')
 2 SYSTEMPATH\Common.php(1173): CodeIgniter\View\View->render('http://localhost/activity_now/index.php/ver_tarea', [], true)
 3 APPPATH\Controllers\Tareas.php(169): view('http://localhost/activity_now/index.php/ver_tarea', [...])
 4 SYSTEMPATH\CodeIgniter.php(933): App\Controllers\Tareas->ver_tarea('1')
 5 SYSTEMPATH\CodeIgniter.php(507): CodeIgniter\CodeIgniter->runController(Object(App\Controllers\Tareas))
 6 SYSTEMPATH\CodeIgniter.php(354): CodeIgniter\CodeIgniter->handleRequest(null, Object(Config\Cache), false)
 7 SYSTEMPATH\Boot.php(334): CodeIgniter\CodeIgniter->run()
 8 SYSTEMPATH\Boot.php(67): CodeIgniter\Boot::runCodeIgniter(Object(CodeIgniter\CodeIgniter))
 9 FCPATH\index.php(56): CodeIgniter\Boot::bootWeb(Object(Config\Paths))
DEBUG - 2025-05-12 23:21:25 --> Session: Class initialized using 'CodeIgniter\Session\Handlers\FileHandler' driver.
DEBUG - 2025-05-12 23:21:25 --> Session: Class initialized using 'CodeIgniter\Session\Handlers\FileHandler' driver.
DEBUG - 2025-05-12 23:21:35 --> Session: Class initialized using 'CodeIgniter\Session\Handlers\FileHandler' driver.
DEBUG - 2025-05-12 23:21:39 --> Session: Class initialized using 'CodeIgniter\Session\Handlers\FileHandler' driver.
DEBUG - 2025-05-12 23:21:39 --> Session: Class initialized using 'CodeIgniter\Session\Handlers\FileHandler' driver.
DEBUG - 2025-05-12 23:21:42 --> Session: Class initialized using 'CodeIgniter\Session\Handlers\FileHandler' driver.
DEBUG - 2025-05-12 23:21:42 --> Session: Class initialized using 'CodeIgniter\Session\Handlers\FileHandler' driver.
